<?xml version="1.0" encoding="UTF-8"?>
<testsuite xmlns:xsi="http://www.w3.org/2001/XMLSchema-instance" xsi:noNamespaceSchemaLocation="https://maven.apache.org/surefire/maven-surefire-plugin/xsd/surefire-test-report-3.0.xsd" version="3.0" name="minesweeper.view.UserActionFactoryTest" time="0.718" tests="9" errors="0" skipped="0" failures="0">
  <properties>
[...]
</properties>
  <testcase name="shouldReturnActionInvalidWhenUserEnterNonIntegerParameters" classname="minesweeper.view.UserActionFactoryTest" time="0.66"/>
  <testcase name="shouldReturnUserActionOpenWhenUserEnterOpenCommand" classname="minesweeper.view.UserActionFactoryTest" time="0.009"/>
  <testcase name="shouldReturnUserActionMarkWhenUserEnterMarkCommand" classname="minesweeper.view.UserActionFactoryTest" time="0.004"/>
  <testcase name="shouldReturnActionInvalidWhenUserEnterNegativeRowParameter" classname="minesweeper.view.UserActionFactoryTest" time="0.002"/>
  <testcase name="shouldReturnActionInvalidWhenUserEnterNegativeColParameter" classname="minesweeper.view.UserActionFactoryTest" time="0.001"/>
  <testcase name="shouldReturnUserActionHelpWhenUserEnterHelpCommand" classname="minesweeper.view.UserActionFactoryTest" time="0.003">
    <system-out><![CDATA[The following commands are available:
 - open <row> <col>     Use to open an unvisited cell
 - o <row> <col>        Use to open an unvisited cell
 - mark <row> <col>     Use to mark an unvisited cell as a mine
 - m <row> <col>     Use to mark an unvisited cell as a mine
 - exit

]]></system-out>
  </testcase>
  <testcase name="shouldReturnActionInvalidWhenUserEnterTooFewParameters" classname="minesweeper.view.UserActionFactoryTest" time="0.001"/>
  <testcase name="shouldReturnActionInvalidWhenUserEnterOutOfBoundsParameters" classname="minesweeper.view.UserActionFactoryTest" time="0.001"/>
  <testcase name="shouldReturnActionInvalidWhenUserEnterTooManyParameters" classname="minesweeper.view.UserActionFactoryTest" time="0.001">
    <system-err><![CDATA[Please enter valid input values
]]></system-err>
  </testcase>
</testsuite>